<?xml version="1.0" encoding="UTF-8"?>
<testng-results ignored="0" total="1" passed="1" failed="0" skipped="0">
  <reporter-output>
  </reporter-output>
  <suite started-at="2022-10-29T11:13:49 IST" name="Default suite" finished-at="2022-10-29T11:14:12 IST" duration-ms="23084">
    <groups>
    </groups>
    <test started-at="2022-10-29T11:13:49 IST" name="Default test" finished-at="2022-10-29T11:14:12 IST" duration-ms="23084">
      <class name="tests.PurchaseFlight">
        <test-method is-config="true" signature="setUp()[pri:0, instance:tests.PurchaseFlight@625732]" started-at="2022-10-29T11:13:49 IST" name="setUp" finished-at="2022-10-29T11:13:52 IST" duration-ms="3542" status="PASS">
          <reporter-output>
          </reporter-output>
        </test-method> <!-- setUp -->
        <test-method signature="purchaseLowestPricedFlight()[pri:0, instance:tests.PurchaseFlight@625732]" started-at="2022-10-29T11:13:52 IST" name="purchaseLowestPricedFlight" finished-at="2022-10-29T11:13:56 IST" duration-ms="3315" status="PASS">
          <reporter-output>
          </reporter-output>
        </test-method> <!-- purchaseLowestPricedFlight -->
        <test-method is-config="true" signature="tearDown()[pri:0, instance:tests.PurchaseFlight@625732]" started-at="2022-10-29T11:13:56 IST" name="tearDown" finished-at="2022-10-29T11:14:12 IST" duration-ms="16198" status="PASS">
          <reporter-output>
          </reporter-output>
        </test-method> <!-- tearDown -->
      </class> <!-- tests.PurchaseFlight -->
    </test> <!-- Default test -->
  </suite> <!-- Default suite -->
</testng-results>
